<?xml version="1.0" encoding="UTF-8"?>
<!-- Generated by org.testng.reporters.JUnitReportReporter -->
<testsuite hostname="LAPTOP-65H6OUS0" failures="0" tests="2" name="AnnotationsTest.testAnnotationsB" time="0.003" errors="0" timestamp="2025-07-08T13:25:39 GMT-07:00" skipped="0">
  <testcase classname="AnnotationsTest.testAnnotationsB" name="xyz" time="0.001"/>
  <testcase classname="AnnotationsTest.testAnnotationsB" name="xyz" time="0.002"/>
</testsuite> <!-- AnnotationsTest.testAnnotationsB -->
