<?xml version="1.0" encoding="UTF-8"?>
<!-- Generated by org.testng.reporters.JUnitReportReporter -->
<testsuite hostname="LAPTOP-65H6OUS0" failures="0" tests="2" name="Annotations.Annotations" time="0.011" errors="0" timestamp="2025-07-08T12:30:28 GMT-07:00" skipped="0">
  <testcase classname="Annotations.Annotations" name="advancedsearch" time="0.003"/>
  <testcase classname="Annotations.Annotations" name="search" time="0.008"/>
</testsuite> <!-- Annotations.Annotations -->
