<?xml version="1.0" encoding="UTF-8"?>
<!-- Generated by org.testng.reporters.JUnitReportReporter -->
<testsuite hostname="LAPTOP-65H6OUS0" failures="0" tests="3" name="LoginTNG.LoginTestNg" time="0.009" errors="0" timestamp="2025-07-08T11:06:00 GMT-07:00" skipped="0">
  <testcase classname="LoginTNG.LoginTestNg" name="openapp" time="0.007"/>
  <testcase classname="LoginTNG.LoginTestNg" name="login" time="0.001"/>
  <testcase classname="LoginTNG.LoginTestNg" name="logout" time="0.001"/>
</testsuite> <!-- LoginTNG.LoginTestNg -->
