<?xml version="1.0" encoding="UTF-8"?>
<!-- Generated by org.testng.reporters.JUnitReportReporter -->
<testsuite hostname="LAPTOP-65H6OUS0" failures="0" tests="2" name="AnnotationsTest.AllAnnotations" time="0.006" errors="0" timestamp="2025-07-08T13:18:31 GMT-07:00" skipped="0">
  <testcase classname="AnnotationsTest.AllAnnotations" name="abc2" time="0.001"/>
  <testcase classname="AnnotationsTest.AllAnnotations" name="abc1" time="0.005"/>
</testsuite> <!-- AnnotationsTest.AllAnnotations -->
