<?xml version="1.0" encoding="UTF-8"?>
<!-- Generated by org.testng.reporters.JUnitReportReporter -->
<testsuite hostname="LAPTOP-65H6OUS0" failures="0" tests="2" name="Annotations.classAnnotations" time="0.006" errors="0" timestamp="2025-07-08T12:39:03 GMT-07:00" skipped="0">
  <testcase classname="Annotations.classAnnotations" name="advancedsearch" time="0.005"/>
  <testcase classname="Annotations.classAnnotations" name="search" time="0.001"/>
</testsuite> <!-- Annotations.classAnnotations -->
